Connecting to database specified by database.yml
  [1m[36m (0.2ms)[0m  [1mselect sqlite_version(*)[0m
  [1m[35m (1.6ms)[0m  CREATE TABLE "schema_migrations" ("version" varchar(255) NOT NULL) 
  [1m[36m (0.0ms)[0m  [1mPRAGMA index_list("schema_migrations")[0m
  [1m[35m (1.2ms)[0m  CREATE UNIQUE INDEX "unique_schema_migrations" ON "schema_migrations" ("version")
  [1m[36m (0.1ms)[0m  [1mSELECT "schema_migrations"."version" FROM "schema_migrations" [0m
Migrating to CreateStatuses (20120718214245)
  [1m[35m (0.0ms)[0m  begin transaction
  [1m[36m (0.5ms)[0m  [1mCREATE TABLE "statuses" ("id" INTEGER PRIMARY KEY AUTOINCREMENT NOT NULL, "name" varchar(255), "content" text, "created_at" datetime NOT NULL, "updated_at" datetime NOT NULL) [0m
  [1m[35m (0.1ms)[0m  INSERT INTO "schema_migrations" ("version") VALUES ('20120718214245')
  [1m[36m (1.1ms)[0m  [1mcommit transaction[0m
Migrating to DeviseCreateUsers (20120724204036)
  [1m[35m (0.0ms)[0m  begin transaction
  [1m[36m (0.9ms)[0m  [1mCREATE TABLE "users" ("id" INTEGER PRIMARY KEY AUTOINCREMENT NOT NULL, "first_name" varchar(255), "last_name" varchar(255), "profile_name" varchar(255), "email" varchar(255) DEFAULT '' NOT NULL, "encrypted_password" varchar(255) DEFAULT '' NOT NULL, "reset_password_token" varchar(255), "reset_password_sent_at" datetime, "remember_created_at" datetime, "sign_in_count" integer DEFAULT 0, "current_sign_in_at" datetime, "last_sign_in_at" datetime, "current_sign_in_ip" varchar(255), "last_sign_in_ip" varchar(255), "created_at" datetime NOT NULL, "updated_at" datetime NOT NULL) [0m
  [1m[35m (0.1ms)[0m  PRAGMA index_list("users")
  [1m[36m (0.4ms)[0m  [1mCREATE UNIQUE INDEX "index_users_on_email" ON "users" ("email")[0m
  [1m[35m (0.1ms)[0m  PRAGMA index_list("users")
  [1m[36m (0.0ms)[0m  [1mPRAGMA index_info('index_users_on_email')[0m
  [1m[35m (0.2ms)[0m  CREATE UNIQUE INDEX "index_users_on_reset_password_token" ON "users" ("reset_password_token")
  [1m[36m (0.1ms)[0m  [1mINSERT INTO "schema_migrations" ("version") VALUES ('20120724204036')[0m
  [1m[35m (1.0ms)[0m  commit transaction
Migrating to AddUserIdToStatuses (20120724212023)
  [1m[36m (0.1ms)[0m  [1mbegin transaction[0m
  [1m[35m (0.6ms)[0m  ALTER TABLE "statuses" ADD "user_id" integer
  [1m[36m (0.0ms)[0m  [1mPRAGMA index_list("statuses")[0m
  [1m[35m (0.2ms)[0m  CREATE INDEX "index_statuses_on_user_id" ON "statuses" ("user_id")
  [1m[36m (0.6ms)[0m  [1mCREATE TEMPORARY TABLE "altered_statuses" ("id" INTEGER PRIMARY KEY AUTOINCREMENT NOT NULL, "name" varchar(255), "content" text, "created_at" datetime NOT NULL, "updated_at" datetime NOT NULL, "user_id" integer) [0m
  [1m[35m (0.0ms)[0m  PRAGMA index_list("statuses")
  [1m[36m (0.0ms)[0m  [1mPRAGMA index_info('index_statuses_on_user_id')[0m
  [1m[35m (0.0ms)[0m  PRAGMA index_list("altered_statuses")
  [1m[36m (0.1ms)[0m  [1mCREATE INDEX "temp_index_altered_statuses_on_user_id" ON "altered_statuses" ("user_id")[0m
  [1m[35m (0.1ms)[0m  SELECT * FROM "statuses"
  [1m[36m (0.4ms)[0m  [1mDROP TABLE "statuses"[0m
  [1m[35m (0.2ms)[0m  CREATE TABLE "statuses" ("id" INTEGER PRIMARY KEY AUTOINCREMENT NOT NULL, "content" text, "created_at" datetime NOT NULL, "updated_at" datetime NOT NULL, "user_id" integer) 
  [1m[36m (0.0ms)[0m  [1mPRAGMA index_list("altered_statuses")[0m
  [1m[35m (0.0ms)[0m  PRAGMA index_info('temp_index_altered_statuses_on_user_id')
  [1m[36m (0.0ms)[0m  [1mPRAGMA index_list("statuses")[0m
  [1m[35m (0.1ms)[0m  CREATE INDEX "index_statuses_on_user_id" ON "statuses" ("user_id")
  [1m[36m (0.1ms)[0m  [1mSELECT * FROM "altered_statuses"[0m
  [1m[35m (0.3ms)[0m  DROP TABLE "altered_statuses"
  [1m[36m (0.1ms)[0m  [1mINSERT INTO "schema_migrations" ("version") VALUES ('20120724212023')[0m
  [1m[35m (1.1ms)[0m  commit transaction
  [1m[36m (0.4ms)[0m  [1mselect sqlite_version(*)[0m
  [1m[35m (0.1ms)[0m  SELECT "schema_migrations"."version" FROM "schema_migrations" 
  [1m[36m (0.0ms)[0m  [1mPRAGMA index_list("statuses")[0m
  [1m[35m (0.0ms)[0m  PRAGMA index_info('index_statuses_on_user_id')
  [1m[36m (0.0ms)[0m  [1mPRAGMA index_list("users")[0m
  [1m[35m (0.0ms)[0m  PRAGMA index_info('index_users_on_reset_password_token')
  [1m[36m (0.0ms)[0m  [1mPRAGMA index_info('index_users_on_email')[0m
